<?xml version="1.0" encoding="UTF-8"?>
<!-- Generated by org.testng.reporters.JUnitXMLReporter -->
<testsuite hostname="DESKTOP-AA4AD8I" ignored="0" name="ChromeTest" tests="4" failures="0" timestamp="31 Oct 2019 05:20:55 GMT" time="49.475" errors="0">
  <testcase name="linktesting1" time="2.478" classname="com.project.DigitalProject.LinksTesting1"/>
  <testcase name="checkboxTest" time="0.179" classname="com.project.DigitalProject.CheckBox1"/>
  <testcase name="checkboxTest" time="0.212" classname="com.project.DigitalProject.RadioButton1"/>
  <testcase name="amazon" time="4.285" classname="com.project.DigitalProject.TC_003"/>
</testsuite> <!-- ChromeTest -->
