<?xml version="1.0" encoding="UTF-8"?>
<!-- Generated by org.testng.reporters.JUnitXMLReporter -->
<testsuite hostname="DESKTOP-AA4AD8I" ignored="0" name="FirefoxTest" tests="4" failures="0" timestamp="31 Oct 2019 05:22:13 GMT" time="77.697" errors="0">
  <testcase name="linktesting1" time="1.398" classname="com.project.DigitalProject.LinksTesting1"/>
  <testcase name="checkboxTest" time="0.409" classname="com.project.DigitalProject.CheckBox1"/>
  <testcase name="checkboxTest" time="0.429" classname="com.project.DigitalProject.RadioButton1"/>
  <testcase name="amazon" time="4.739" classname="com.project.DigitalProject.TC_003"/>
</testsuite> <!-- FirefoxTest -->
