<?xml version="1.0" encoding="UTF-8"?>
<!-- Generated by org.testng.reporters.JUnitXMLReporter -->
<testsuite hostname="DESKTOP-AA4AD8I" ignored="0" name="SmokeTest" tests="4" failures="0" timestamp="31 Oct 2019 05:17:42 GMT" time="46.925" errors="0">
  <testcase name="linktesting1" time="1.366" classname="com.project.DigitalProject.LinksTesting1"/>
  <testcase name="checkboxTest" time="0.245" classname="com.project.DigitalProject.CheckBox1"/>
  <testcase name="checkboxTest" time="0.317" classname="com.project.DigitalProject.RadioButton1"/>
  <testcase name="amazon" time="5.003" classname="com.project.DigitalProject.TC_003"/>
</testsuite> <!-- SmokeTest -->
