<?xml version="1.0" encoding="UTF-8"?>
<!-- Generated by org.testng.reporters.JUnitXMLReporter -->
<testsuite hostname="DESKTOP-AA4AD8I" ignored="0" name="RegressionTest" tests="4" failures="0" timestamp="01 Nov 2019 05:10:01 GMT" time="58.171" errors="0">
  <testcase name="amazon" time="7.489" classname="com.project.DigitalProject.TC_003"/>
  <testcase name="checkboxTest" time="0.473" classname="com.project.DigitalProject.CheckBox1"/>
  <testcase name="checkboxTest" time="0.383" classname="com.project.DigitalProject.RadioButton1"/>
  <testcase name="linktesting1" time="1.68" classname="com.project.DigitalProject.LinksTesting1"/>
</testsuite> <!-- RegressionTest -->
