<?xml version="1.0" encoding="UTF-8"?>
<!-- Generated by org.testng.reporters.JUnitXMLReporter -->
<testsuite hostname="DESKTOP-AA4AD8I" ignored="1" name="RegressionTest" tests="4" failures="0" timestamp="31 Oct 2019 04:43:20 GMT" time="18.523" errors="0">
  <testcase name="amazon" time="5.854" classname="com.project.DigitalProject.TC_003"/>
  <testcase name="f" time="0.002" classname="com.project.DigitalProject.TC_001"/>
  <testcase name="a" time="0.006" classname="com.project.DigitalProject.TC_002"/>
  <testcase name="f" time="0.002" classname="com.project.DigitalProject.TC_002"/>
  <testcase name="z" time="0.0" classname="com.project.DigitalProject.TC_002">
    <ignored/>
  </testcase> <!-- z -->
</testsuite> <!-- RegressionTest -->
