<?xml version="1.0" encoding="UTF-8"?>
<!-- Generated by org.testng.reporters.JUnitXMLReporter -->
<testsuite hostname="DESKTOP-AA4AD8I" ignored="0" name="Default test" tests="4" failures="0" timestamp="05 Nov 2019 05:38:45 GMT" time="0.118" errors="0">
  <testcase name="orange" time="0.029" classname="com.project.DigitalProject.TestDependency"/>
  <testcase name="white" time="0.003" classname="com.project.DigitalProject.TestDependency"/>
  <testcase name="blue" time="0.005" classname="com.project.DigitalProject.TestDependency">
    <skipped/>
  </testcase> <!-- blue -->
  <testcase name="green" time="0.001" classname="com.project.DigitalProject.TestDependency">
    <skipped/>
  </testcase> <!-- green -->
</testsuite> <!-- Default test -->
