<?xml version="1.0" encoding="UTF-8"?>
<testng-results skipped="0" failed="0" ignored="0" total="1" passed="1">
  <reporter-output>
  </reporter-output>
  <suite name="Suite" duration-ms="24452" started-at="2019-11-08T05:17:13Z" finished-at="2019-11-08T05:17:38Z">
    <groups>
    </groups>
    <test name="Test" duration-ms="24452" started-at="2019-11-08T05:17:13Z" finished-at="2019-11-08T05:17:38Z">
      <class name="com.excelOperations.FaceBook">
        <test-method status="PASS" signature="startProcess(java.lang.String)[pri:0, instance:com.excelOperations.FaceBook@7a9273a8]" name="startProcess" is-config="true" duration-ms="10059" started-at="2019-11-08T05:17:13Z" finished-at="2019-11-08T05:17:24Z">
          <params>
            <param index="0">
              <value>
                <![CDATA[chrome]]>
              </value>
            </param>
          </params>
          <reporter-output>
          </reporter-output>
        </test-method> <!-- startProcess -->
        <test-method status="PASS" signature="fb()[pri:0, instance:com.excelOperations.FaceBook@7a9273a8]" name="fb" duration-ms="14349" started-at="2019-11-08T05:17:24Z" finished-at="2019-11-08T05:17:38Z">
          <reporter-output>
          </reporter-output>
        </test-method> <!-- fb -->
        <test-method status="PASS" signature="endProcess()[pri:0, instance:com.excelOperations.FaceBook@7a9273a8]" name="endProcess" is-config="true" duration-ms="0" started-at="2019-11-08T05:17:38Z" finished-at="2019-11-08T05:17:38Z">
          <reporter-output>
          </reporter-output>
        </test-method> <!-- endProcess -->
      </class> <!-- com.excelOperations.FaceBook -->
    </test> <!-- Test -->
  </suite> <!-- Suite -->
</testng-results>
